SF:lib\core\utils\json_serializable\date_time_converter.dart
DA:4,0
DA:6,0
DA:9,0
LF:3
LH:0
end_of_record
SF:lib\core\utils\json_serializable\time_stamp_converter.dart
DA:5,44
DA:7,5
DA:9,5
DA:12,3
DA:13,3
LF:5
LH:5
end_of_record
SF:lib\core\value_objects\appointment_status.dart
DA:9,0
DA:15,0
LF:2
LH:0
end_of_record
SF:lib\core\value_objects\country.dart
DA:754,0
DA:1005,0
DA:1257,0
DA:1508,0
DA:1759,0
LF:5
LH:0
end_of_record
SF:lib\core\value_objects\document_type.dart
DA:10,0
DA:19,0
LF:2
LH:0
end_of_record
SF:lib\core\value_objects\language.dart
DA:6,0
DA:11,0
LF:2
LH:0
end_of_record
SF:lib\core\value_objects\subscription_type.dart
DA:6,0
DA:11,0
LF:2
LH:0
end_of_record
SF:lib\core\value_objects\user_sex.dart
DA:7,0
DA:13,0
LF:2
LH:0
end_of_record
SF:lib\core\value_objects\user_type.dart
DA:9,0
DA:17,0
LF:2
LH:0
end_of_record
SF:lib\features\authentication\presentation\authentication_state.dart
DA:5,13
DA:7,0
DA:8,0
DA:12,13
DA:14,1
DA:15,1
DA:21,1
DA:23,1
DA:24,2
DA:28,12
DA:30,1
DA:31,1
DA:37,12
DA:41,1
DA:42,2
DA:48,13
DA:50,1
DA:51,2
DA:56,0
DA:58,0
DA:59,0
DA:63,13
LF:22
LH:17
end_of_record
SF:lib\features\authentication\presentation\authentication_bloc.dart
DA:36,1
DA:55,1
DA:56,2
DA:57,2
DA:58,2
DA:59,2
DA:60,2
DA:61,2
DA:62,2
DA:63,2
DA:64,2
DA:65,2
DA:66,2
DA:67,2
DA:70,1
DA:74,2
DA:76,1
DA:77,2
DA:78,1
DA:79,4
DA:80,0
DA:81,2
DA:82,3
DA:83,3
DA:89,1
DA:93,1
DA:95,2
DA:96,1
DA:97,1
DA:100,1
DA:101,3
DA:102,1
DA:103,1
DA:104,1
DA:106,0
DA:115,1
DA:120,2
DA:121,1
DA:123,2
DA:124,2
DA:125,1
DA:126,3
DA:128,0
DA:129,0
DA:131,0
DA:132,0
DA:133,0
DA:134,0
DA:137,0
DA:142,1
DA:147,2
DA:151,1
DA:152,0
DA:153,1
DA:154,1
DA:156,0
DA:158,2
DA:163,0
DA:168,0
DA:172,0
DA:173,0
DA:174,0
DA:175,0
DA:177,0
DA:179,0
DA:184,0
DA:189,0
DA:193,0
DA:194,0
DA:195,0
DA:196,0
DA:198,0
DA:200,0
DA:205,0
DA:210,0
DA:214,0
DA:215,0
DA:216,0
DA:217,0
DA:219,0
DA:221,0
DA:226,1
DA:230,2
DA:231,1
DA:232,0
DA:233,6
DA:237,0
DA:242,0
DA:243,0
DA:244,0
DA:245,0
DA:249,0
DA:253,0
DA:254,0
DA:255,0
DA:258,0
DA:259,0
DA:260,0
DA:263,0
DA:264,0
DA:272,0
DA:276,0
DA:281,0
DA:282,0
DA:283,0
DA:284,0
DA:285,0
DA:286,0
DA:288,0
DA:289,0
DA:290,0
DA:294,0
DA:295,0
DA:298,0
DA:300,0
DA:303,0
DA:305,0
DA:308,0
DA:312,0
DA:313,0
DA:314,0
DA:315,0
DA:317,0
DA:319,0
DA:320,0
DA:321,0
DA:323,0
DA:325,0
DA:330,0
DA:332,0
DA:333,0
DA:334,0
DA:338,0
DA:342,0
DA:347,0
DA:348,0
DA:349,0
DA:350,0
DA:351,0
DA:352,0
DA:353,0
DA:354,0
DA:355,0
DA:356,0
DA:358,0
DA:360,0
DA:361,0
DA:363,0
DA:365,0
DA:367,0
DA:368,0
DA:369,0
DA:372,0
DA:373,0
DA:375,0
DA:376,0
DA:380,0
DA:381,0
DA:382,0
DA:383,0
DA:385,0
DA:387,0
DA:388,0
DA:389,0
DA:391,0
DA:393,0
DA:397,0
DA:401,0
DA:402,0
DA:403,0
DA:407,0
DA:411,0
DA:416,0
DA:418,0
DA:419,0
DA:420,0
DA:422,0
DA:423,0
DA:424,0
DA:427,0
DA:428,0
DA:429,0
DA:430,0
DA:431,0
DA:432,0
DA:436,0
DA:438,0
DA:443,0
DA:447,0
DA:448,0
DA:449,0
DA:453,0
DA:457,0
DA:463,0
DA:465,0
DA:466,0
DA:467,0
DA:469,0
DA:470,0
DA:471,0
DA:474,0
DA:475,0
DA:476,0
DA:477,0
DA:478,0
DA:479,0
DA:483,0
DA:485,0
DA:490,0
DA:494,0
DA:495,0
DA:496,0
DA:500,1
DA:504,3
DA:505,3
DA:506,1
DA:507,0
DA:508,3
DA:509,3
DA:515,0
DA:519,0
DA:520,0
DA:522,0
DA:523,0
DA:524,0
DA:525,0
DA:527,0
DA:530,0
DA:531,0
DA:532,0
DA:537,0
DA:542,0
DA:543,0
DA:544,0
DA:545,0
DA:548,0
DA:549,0
DA:550,0
DA:553,0
DA:554,0
DA:555,0
DA:556,0
DA:557,0
DA:559,0
DA:560,0
DA:561,0
DA:562,0
DA:568,0
DA:573,0
DA:574,0
DA:575,0
DA:576,0
DA:579,0
DA:581,0
DA:582,0
DA:583,0
DA:586,0
DA:587,0
DA:588,0
DA:589,0
DA:590,0
DA:593,0
DA:594,0
DA:595,0
DA:596,0
DA:603,0
DA:607,0
DA:609,0
DA:610,0
DA:611,0
DA:613,0
DA:614,0
DA:615,0
DA:620,1
DA:624,2
DA:626,1
DA:627,3
DA:628,2
DA:632,1
DA:637,1
DA:639,1
DA:640,3
DA:646,0
DA:647,0
DA:648,0
DA:649,0
DA:650,0
DA:651,0
DA:654,0
DA:658,0
LF:290
LH:65
end_of_record
SF:lib\features\authentication\presentation\authentication_event.dart
DA:5,2
DA:9,1
DA:17,0
DA:29,0
DA:42,0
DA:56,0
DA:70,0
DA:81,0
DA:91,0
DA:104,1
DA:112,2
DA:121,0
DA:131,0
DA:138,1
DA:142,0
DA:149,0
LF:16
LH:5
end_of_record
SF:lib\features\authentication\data\data_source\remote\ars_repository_impl.dart
DA:9,0
DA:11,0
DA:14,0
DA:16,0
DA:17,0
DA:18,0
DA:19,0
DA:20,0
DA:21,0
DA:22,0
DA:26,0
DA:30,0
DA:32,0
DA:34,0
DA:35,0
DA:36,0
DA:37,0
DA:41,0
DA:44,0
DA:45,0
DA:46,0
DA:47,0
DA:48,0
DA:49,0
DA:50,0
DA:51,0
DA:52,0
DA:53,0
LF:28
LH:0
end_of_record
SF:lib\features\authentication\data\data_source\remote\authentication_repository_impl.dart
DA:16,1
DA:23,1
DA:28,2
DA:33,1
DA:36,2
DA:37,0
DA:38,0
DA:44,0
DA:48,0
DA:53,0
DA:56,0
DA:57,0
DA:58,0
DA:64,1
DA:67,2
DA:68,1
DA:69,1
DA:70,1
DA:71,1
DA:74,2
DA:75,1
DA:78,2
DA:79,0
DA:80,0
DA:86,1
DA:89,3
DA:90,1
DA:93,1
DA:94,1
DA:95,2
DA:96,0
DA:97,0
DA:101,0
DA:104,0
DA:110,0
DA:113,0
DA:121,0
DA:124,0
DA:132,1
DA:135,2
DA:137,0
DA:138,0
DA:142,1
DA:145,1
LF:44
LH:24
end_of_record
SF:lib\features\authentication\data\data_source\remote\member_repository_impl.dart
DA:14,0
DA:16,0
DA:20,0
DA:22,0
DA:23,0
DA:24,0
DA:25,0
DA:26,0
DA:30,0
DA:35,0
DA:36,0
DA:37,0
DA:40,0
DA:41,0
DA:42,0
DA:45,0
DA:49,0
DA:51,0
DA:55,0
DA:61,0
DA:62,0
DA:63,0
DA:64,0
DA:67,0
LF:24
LH:0
end_of_record
SF:lib\features\authentication\data\data_source\remote\patient_repository_impl.dart
DA:11,0
DA:13,0
DA:15,0
DA:16,0
DA:17,0
DA:18,0
DA:19,0
DA:21,0
DA:24,0
DA:27,0
DA:28,0
DA:29,0
LF:12
LH:0
end_of_record
SF:lib\features\authentication\data\data_source\remote\service_provider_repository_impl.dart
DA:13,0
DA:15,0
DA:20,0
DA:22,0
DA:23,0
DA:24,0
DA:25,0
DA:27,0
DA:28,0
DA:29,0
DA:33,0
DA:38,0
DA:40,0
DA:41,0
DA:42,0
DA:43,0
DA:44,0
DA:48,0
DA:51,0
DA:52,0
DA:53,0
DA:54,0
DA:55,0
DA:56,0
DA:57,0
DA:58,0
DA:59,0
DA:60,0
DA:61,0
DA:62,0
DA:63,0
LF:31
LH:0
end_of_record
SF:lib\features\authentication\data\data_source\local\DAO\authentication_dao_impl.dart
DA:8,0
DA:12,0
DA:14,0
DA:17,0
DA:19,0
DA:21,0
DA:22,0
DA:27,0
DA:29,0
DA:31,0
DA:32,0
DA:33,0
DA:38,0
DA:40,0
DA:42,0
DA:44,0
DA:45,0
DA:47,0
DA:48,0
DA:50,0
LF:20
LH:0
end_of_record
SF:lib\features\authentication\data\models\authentication_model.dart
DA:12,4
DA:15,3
DA:19,1
DA:20,1
DA:21,1
DA:22,2
DA:26,0
DA:31,0
DA:32,0
DA:33,0
DA:35,0
DA:36,0
DA:37,0
DA:43,3
DA:44,3
DA:47,6
LF:16
LH:9
end_of_record
SF:lib\features\authentication\data\models\authentication_model.g.dart
DA:9,3
DA:10,3
DA:11,3
DA:13,6
DA:16,3
DA:18,3
DA:19,3
DA:20,3
LF:8
LH:8
end_of_record
SF:lib\features\authentication\domain\entities\authentication.dart
DA:8,9
DA:13,0
DA:17,0
DA:18,0
DA:19,0
DA:22,1
DA:23,1
DA:24,1
DA:25,1
DA:29,1
DA:30,1
DA:31,1
DA:32,1
LF:13
LH:9
end_of_record
SF:lib\features\authentication\data\models\patient_model.dart
DA:15,2
DA:25,2
DA:30,0
DA:34,0
DA:35,0
DA:36,0
DA:37,0
DA:38,0
DA:39,0
DA:43,0
DA:44,0
DA:49,0
DA:50,0
DA:51,0
DA:52,0
DA:53,0
DA:57,2
DA:58,2
DA:60,2
LF:19
LH:5
end_of_record
SF:lib\features\authentication\data\models\patient_model.g.dart
DA:9,4
DA:11,4
DA:12,2
DA:13,2
DA:15,6
DA:16,2
DA:17,2
DA:20,1
DA:21,1
DA:22,1
DA:23,1
DA:24,1
DA:25,2
DA:26,2
LF:14
LH:14
end_of_record
SF:lib\features\authentication\domain\entities\patient.dart
DA:21,2
DA:29,0
DA:30,0
DA:31,0
DA:32,0
DA:33,0
DA:34,0
DA:35,0
DA:40,0
DA:49,0
DA:50,0
DA:51,0
DA:52,0
DA:53,0
DA:54,0
DA:58,0
DA:59,0
DA:60,0
DA:61,0
DA:62,0
DA:63,0
DA:64,0
DA:68,0
DA:69,0
DA:75,0
DA:76,0
DA:78,0
DA:91,2
DA:92,2
DA:93,2
DA:94,2
DA:95,2
DA:96,2
DA:97,2
DA:98,2
LF:35
LH:9
end_of_record
SF:lib\features\authentication\data\models\service_provider_model.dart
DA:15,2
DA:25,2
DA:30,0
DA:34,0
DA:35,0
DA:36,0
DA:37,0
DA:38,0
DA:39,0
DA:43,0
DA:44,0
DA:49,0
DA:50,0
DA:51,0
DA:52,0
DA:54,0
DA:58,2
DA:59,2
DA:61,2
LF:19
LH:5
end_of_record
SF:lib\features\authentication\data\models\service_provider_model.g.dart
DA:9,2
DA:11,2
DA:13,4
DA:14,2
DA:15,2
DA:17,6
DA:18,2
DA:19,2
DA:22,1
DA:24,1
DA:25,1
DA:26,1
DA:27,1
DA:28,2
DA:29,2
LF:15
LH:15
end_of_record
SF:lib\features\authentication\domain\entities\service_provider.dart
DA:9,2
DA:17,0
DA:26,0
DA:27,0
DA:28,0
DA:29,0
DA:30,0
DA:31,0
DA:35,0
DA:36,0
DA:37,0
DA:38,0
DA:39,0
DA:40,0
DA:41,0
DA:45,1
DA:46,1
DA:47,1
DA:48,1
DA:49,1
DA:50,1
DA:51,1
DA:52,1
LF:23
LH:9
end_of_record
SF:lib\features\authentication\data\models\address_model.dart
DA:8,0
DA:19,0
DA:20,0
DA:21,0
DA:22,0
DA:23,0
DA:24,0
DA:25,0
DA:26,0
DA:27,0
DA:29,0
DA:30,0
DA:32,0
LF:13
LH:0
end_of_record
SF:lib\features\authentication\data\models\address_model.g.dart
DA:9,0
DA:10,0
DA:11,0
DA:12,0
DA:13,0
DA:14,0
DA:15,0
DA:16,0
DA:17,0
DA:20,0
DA:21,0
DA:22,0
DA:23,0
DA:24,0
DA:25,0
DA:26,0
DA:27,0
DA:28,0
DA:29,0
LF:19
LH:0
end_of_record
SF:lib\features\authentication\domain\entities\address.dart
DA:11,0
DA:22,0
DA:32,0
DA:33,0
DA:34,0
DA:35,0
DA:36,0
DA:37,0
DA:38,0
DA:39,0
LF:10
LH:0
end_of_record
SF:lib\features\authentication\data\models\admin_model.dart
DA:14,0
DA:18,0
DA:23,0
DA:28,0
DA:30,0
DA:31,0
DA:35,0
DA:36,0
DA:37,0
DA:38,0
DA:39,0
DA:43,0
DA:44,0
DA:46,0
LF:14
LH:0
end_of_record
SF:lib\features\authentication\data\models\admin_model.g.dart
DA:9,0
DA:11,0
DA:12,0
DA:13,0
DA:14,0
DA:17,0
DA:18,0
DA:19,0
DA:20,0
DA:21,0
LF:10
LH:0
end_of_record
SF:lib\features\authentication\domain\entities\admin.dart
DA:8,0
DA:14,0
DA:22,0
DA:23,0
DA:24,0
DA:25,0
DA:28,0
DA:29,0
DA:30,0
DA:31,0
DA:32,0
LF:11
LH:0
end_of_record
SF:lib\features\authentication\data\models\ars_model.dart
DA:18,0
DA:26,0
DA:32,0
DA:41,0
DA:45,0
DA:46,0
DA:47,0
DA:51,0
DA:52,0
DA:53,0
DA:54,0
DA:55,0
DA:56,0
DA:57,0
DA:59,0
DA:60,0
DA:64,0
DA:65,0
DA:67,0
LF:19
LH:0
end_of_record
SF:lib\features\authentication\data\models\ars_model.g.dart
DA:9,0
DA:11,0
DA:12,0
DA:13,0
DA:15,0
DA:16,0
DA:17,0
DA:18,0
DA:19,0
DA:20,0
DA:21,0
DA:24,0
DA:25,0
DA:26,0
DA:27,0
DA:28,0
DA:29,0
DA:30,0
DA:31,0
LF:19
LH:0
end_of_record
SF:lib\features\authentication\domain\entities\ars.dart
DA:7,0
DA:17,0
DA:18,0
DA:19,0
DA:20,0
DA:21,0
DA:22,0
DA:23,0
DA:24,0
DA:25,0
DA:29,0
DA:30,0
DA:31,0
DA:32,0
DA:33,0
DA:34,0
DA:35,0
LF:17
LH:0
end_of_record
SF:lib\features\authentication\data\models\auth_info_model.dart
DA:8,13
DA:17,2
DA:18,1
DA:19,1
DA:20,1
DA:21,1
DA:22,1
DA:23,1
DA:26,8
DA:27,8
DA:29,12
LF:11
LH:11
end_of_record
SF:lib\features\authentication\data\models\auth_info_model.g.dart
DA:9,8
DA:10,8
DA:11,8
DA:12,8
DA:13,8
DA:14,8
DA:15,8
DA:16,8
DA:19,6
DA:20,6
DA:21,6
DA:22,6
DA:23,6
DA:24,6
DA:25,6
DA:26,6
LF:16
LH:16
end_of_record
SF:lib\features\authentication\domain\entities\auth_info.dart
DA:11,35
DA:20,0
DA:28,0
DA:29,0
DA:30,0
DA:31,0
DA:32,0
DA:33,0
DA:34,0
DA:37,6
DA:38,6
DA:39,6
DA:40,6
DA:41,6
DA:42,6
DA:43,6
DA:44,6
LF:17
LH:9
end_of_record
SF:lib\features\authentication\data\models\broker_model.dart
DA:18,0
DA:26,0
DA:32,0
DA:41,0
DA:45,0
DA:46,0
DA:47,0
DA:51,0
DA:52,0
DA:53,0
DA:54,0
DA:55,0
DA:56,0
DA:57,0
DA:58,0
DA:59,0
DA:63,0
DA:64,0
DA:66,0
LF:19
LH:0
end_of_record
SF:lib\features\authentication\data\models\broker_model.g.dart
DA:9,0
DA:11,0
DA:12,0
DA:13,0
DA:15,0
DA:16,0
DA:17,0
DA:18,0
DA:19,0
DA:20,0
DA:21,0
DA:24,0
DA:25,0
DA:26,0
DA:27,0
DA:28,0
DA:29,0
DA:30,0
DA:31,0
DA:32,0
LF:20
LH:0
end_of_record
SF:lib\features\authentication\data\models\company_model.dart
DA:15,0
DA:21,0
DA:25,0
DA:29,0
DA:30,0
DA:31,0
DA:32,0
DA:33,0
DA:34,0
DA:38,0
DA:39,0
DA:44,0
DA:45,0
DA:46,0
DA:47,0
DA:48,0
DA:52,0
DA:53,0
DA:55,0
LF:19
LH:0
end_of_record
SF:lib\features\authentication\data\models\company_model.g.dart
DA:9,0
DA:11,0
DA:12,0
DA:13,0
DA:15,0
DA:16,0
DA:17,0
DA:20,0
DA:21,0
DA:22,0
DA:23,0
DA:24,0
DA:25,0
DA:26,0
LF:14
LH:0
end_of_record
SF:lib\features\authentication\data\models\company_info_model.dart
DA:17,0
DA:23,0
DA:29,0
DA:30,0
DA:31,0
DA:32,0
DA:33,0
DA:34,0
DA:35,0
DA:36,0
DA:37,0
DA:38,0
DA:40,0
DA:43,0
DA:44,0
DA:46,0
LF:16
LH:0
end_of_record
SF:lib\features\authentication\data\models\company_info_model.g.dart
DA:9,0
DA:10,0
DA:11,0
DA:12,0
DA:13,0
DA:14,0
DA:15,0
DA:16,0
DA:17,0
DA:18,0
DA:19,0
DA:20,0
DA:21,0
DA:24,0
DA:25,0
DA:26,0
DA:27,0
DA:28,0
DA:29,0
DA:30,0
LF:20
LH:0
end_of_record
SF:lib\features\authentication\data\models\document_model.dart
DA:10,4
DA:12,4
DA:14,0
DA:15,0
DA:18,5
DA:26,3
DA:27,3
DA:28,3
DA:29,3
DA:30,3
DA:31,3
DA:32,3
DA:36,5
DA:37,5
DA:39,6
LF:15
LH:13
end_of_record
SF:lib\features\authentication\data\models\document_model.g.dart
DA:9,5
DA:10,5
DA:11,5
DA:12,5
DA:13,5
DA:15,10
DA:16,5
DA:17,10
DA:18,5
DA:22,3
DA:23,3
DA:24,3
DA:25,3
DA:26,3
DA:27,3
DA:29,6
LF:16
LH:16
end_of_record
SF:lib\features\authentication\data\models\member_model.dart
DA:12,3
DA:17,2
DA:21,0
DA:29,0
DA:33,0
DA:37,0
DA:38,0
DA:39,0
DA:40,0
DA:41,0
DA:42,0
DA:46,2
DA:47,2
DA:49,2
LF:14
LH:5
end_of_record
SF:lib\features\authentication\data\models\member_model.g.dart
DA:9,4
DA:11,4
DA:13,6
DA:14,2
DA:15,2
DA:18,1
DA:19,1
DA:20,1
DA:21,1
DA:22,1
DA:23,2
LF:11
LH:11
end_of_record
SF:lib\features\authentication\data\models\personal_info_model.dart
DA:20,3
DA:22,3
DA:24,0
DA:25,0
DA:28,4
DA:38,4
DA:44,2
DA:45,2
DA:46,2
DA:47,2
DA:48,2
DA:49,2
DA:50,2
DA:51,2
DA:52,2
DA:53,6
DA:54,2
DA:55,2
DA:56,6
DA:57,2
DA:58,2
DA:59,2
DA:60,2
DA:63,4
DA:64,4
DA:66,4
LF:26
LH:24
end_of_record
SF:lib\features\authentication\data\models\personal_info_model.g.dart
DA:9,4
DA:10,4
DA:11,4
DA:12,4
DA:13,4
DA:14,4
DA:16,8
DA:17,4
DA:18,4
DA:19,12
DA:20,4
DA:21,4
DA:22,12
DA:23,4
DA:24,4
DA:25,4
DA:26,4
DA:29,2
DA:30,2
DA:31,2
DA:32,2
DA:33,2
DA:34,2
DA:35,2
DA:36,10
DA:37,10
DA:38,6
DA:39,4
LF:28
LH:28
end_of_record
SF:lib\features\authentication\data\models\phone_number_model.dart
DA:8,8
DA:14,2
DA:15,2
DA:16,2
DA:17,2
DA:18,2
DA:21,5
DA:22,5
DA:24,6
LF:9
LH:9
end_of_record
SF:lib\features\authentication\data\models\phone_number_model.g.dart
DA:9,5
DA:10,5
DA:11,5
DA:12,5
DA:13,5
DA:16,3
DA:17,3
DA:18,3
DA:19,3
DA:20,3
LF:10
LH:10
end_of_record
SF:lib\features\authentication\domain\entities\broker.dart
DA:7,0
DA:17,0
DA:18,0
DA:19,0
DA:20,0
DA:21,0
DA:22,0
DA:23,0
DA:24,0
DA:25,0
DA:29,0
DA:30,0
DA:31,0
DA:32,0
DA:33,0
DA:34,0
DA:35,0
LF:17
LH:0
end_of_record
SF:lib\features\authentication\domain\entities\company_info.dart
DA:6,0
DA:14,0
DA:15,0
DA:16,0
DA:17,0
DA:18,0
DA:19,0
DA:20,0
LF:8
LH:0
end_of_record
SF:lib\features\authentication\domain\entities\company.dart
DA:5,0
DA:13,0
DA:22,0
DA:23,0
DA:24,0
DA:25,0
DA:26,0
DA:27,0
DA:30,0
DA:31,0
DA:32,0
DA:33,0
DA:34,0
DA:35,0
DA:36,0
DA:40,0
DA:41,0
DA:42,0
DA:43,0
DA:44,0
DA:45,0
DA:46,0
DA:47,0
DA:48,0
LF:24
LH:0
end_of_record
SF:lib\features\authentication\domain\entities\document.dart
DA:11,5
DA:19,3
DA:26,3
DA:27,3
DA:28,3
DA:29,3
DA:30,0
DA:31,3
DA:34,0
DA:35,0
DA:36,0
DA:37,0
DA:38,0
DA:39,0
DA:40,0
DA:44,4
DA:45,4
DA:46,4
DA:47,4
DA:48,4
DA:49,4
DA:50,4
LF:22
LH:14
end_of_record
SF:lib\features\authentication\domain\entities\member.dart
DA:9,6
DA:16,0
DA:24,0
DA:25,0
DA:26,0
DA:27,0
DA:28,0
DA:32,0
DA:33,0
DA:34,0
DA:35,0
DA:36,0
DA:37,0
DA:41,0
DA:42,0
DA:48,0
DA:53,1
DA:54,1
DA:55,1
DA:56,1
DA:57,1
DA:58,1
DA:59,1
LF:23
LH:8
end_of_record
SF:lib\features\authentication\domain\entities\personal_info.dart
DA:10,4
DA:22,2
DA:34,2
DA:35,2
DA:36,2
DA:37,0
DA:38,2
DA:39,2
DA:40,2
DA:41,2
DA:42,2
DA:43,0
DA:47,3
DA:48,3
DA:49,3
DA:50,3
DA:51,3
DA:52,3
DA:53,3
DA:54,3
DA:55,3
DA:56,3
DA:57,3
LF:23
LH:21
end_of_record
SF:lib\features\authentication\domain\entities\phone_number.dart
DA:12,8
DA:18,0
DA:23,0
DA:24,0
DA:25,0
DA:26,0
DA:29,0
DA:30,0
DA:31,0
DA:32,0
DA:33,0
DA:36,4
DA:37,4
DA:38,4
DA:39,4
DA:40,4
LF:16
LH:6
end_of_record
SF:lib\features\authentication\domain\entities\base_info.dart
DA:10,4
DA:17,0
DA:23,0
DA:24,0
DA:25,0
DA:26,0
DA:27,0
DA:31,0
DA:32,0
DA:33,0
DA:34,0
DA:35,0
DA:36,0
LF:13
LH:1
end_of_record
SF:lib\features\authentication\domain\usecases\remote\create_remote_ars.dart
DA:6,0
DA:7,0
DA:8,0
LF:3
LH:0
end_of_record
SF:lib\features\authentication\domain\usecases\remote\create_remote_auth.dart
DA:7,0
DA:8,0
DA:10,0
LF:3
LH:0
end_of_record
SF:lib\features\authentication\domain\usecases\remote\create_remote_broker.dart
DA:6,0
DA:7,0
DA:8,0
LF:3
LH:0
end_of_record
SF:lib\features\authentication\domain\usecases\remote\create_remote_patient.dart
DA:10,0
DA:12,0
DA:15,0
DA:16,0
DA:17,0
DA:18,0
LF:6
LH:0
end_of_record
SF:lib\features\authentication\domain\usecases\remote\get_remote_patient.dart
DA:9,0
DA:10,0
DA:12,0
DA:15,0
DA:16,0
DA:17,0
DA:18,0
DA:19,0
LF:8
LH:0
end_of_record
SF:lib\features\authentication\domain\usecases\remote\get_remote_auth.dart
DA:7,1
DA:8,1
DA:10,2
LF:3
LH:3
end_of_record
SF:lib\features\authentication\domain\usecases\remote\get_remote_broker.dart
DA:8,0
DA:10,0
DA:11,0
LF:3
LH:0
end_of_record
SF:lib\features\authentication\domain\usecases\remote\get_remote_google_auth.dart
DA:7,0
DA:8,0
DA:9,0
LF:3
LH:0
end_of_record
SF:lib\features\authentication\domain\usecases\remote\send_email_verification.dart
DA:9,0
DA:11,0
DA:13,0
DA:15,0
DA:16,0
DA:17,0
DA:18,0
LF:7
LH:0
end_of_record
SF:lib\features\authentication\domain\usecases\remote\unauthenticate_remote_user.dart
DA:8,0
DA:9,0
DA:11,0
DA:13,0
DA:14,0
DA:15,0
DA:16,0
LF:7
LH:0
end_of_record
SF:lib\features\authentication\domain\usecases\remote\create_remote_service_provider.dart
DA:7,1
DA:8,1
DA:9,2
LF:3
LH:3
end_of_record
SF:lib\features\authentication\domain\usecases\remote\get_remote_ars.dart
DA:9,0
DA:11,0
DA:12,0
LF:3
LH:0
end_of_record
SF:lib\features\authentication\domain\usecases\remote\get_remote_generic_user.dart
DA:6,0
DA:8,0
DA:9,0
LF:3
LH:0
end_of_record
SF:lib\features\authentication\domain\usecases\remote\get_remote_service_provider.dart
DA:8,0
DA:10,0
DA:11,0
LF:3
LH:0
end_of_record
SF:lib\features\authentication\domain\usecases\remote\update_generic_user_subscription.dart
DA:6,0
DA:8,0
DA:12,0
LF:3
LH:0
end_of_record
SF:lib\features\authentication\domain\usecases\remote\update_remote_profile_photo.dart
DA:8,0
DA:10,0
DA:14,0
LF:3
LH:0
end_of_record
SF:lib\features\authentication\domain\usecases\local\delete_local_auth.dart
DA:7,0
DA:8,0
DA:9,0
LF:3
LH:0
end_of_record
SF:lib\features\authentication\domain\usecases\local\get_local_auth.dart
DA:7,0
DA:8,0
DA:9,0
LF:3
LH:0
end_of_record
SF:lib\features\authentication\domain\usecases\local\save_local_auth.dart
DA:8,0
DA:9,0
DA:11,0
DA:14,0
LF:4
LH:0
end_of_record
